# JRE version: OpenJDK Runtime Environment Temurin-17.0.10+7 (17.0.10+7) (build 17.0.10+7)
# Java VM: OpenJDK 64-Bit Server VM Temurin-17.0.10+7 (17.0.10+7, mixed mode, tiered, compressed oops, compressed class ptrs, parallel gc, windows-amd64)
GC Precious Log:
 CPUs: 8 total, 8 available
 Memory: 8029M
 Large Page Support: Disabled
 NUMA Support: Disabled
 Compressed Oops: Enabled (32-bit)
 Alignments: Space 512K, Generation 512K, Heap 2M
 Heap Min Capacity: 100M
 Heap Initial Capacity: 100M
 Heap Max Capacity: 1G
 Pre-touch: Disabled
 Parallel Workers: 8
Heap:
 PSYoungGen      total 14336K, used 10293K [0x00000000eab00000, 0x00000000eba80000, 0x0000000100000000)
  eden space 13824K, 72% used [0x00000000eab00000,0x00000000eb4d8420,0x00000000eb880000)
  from space 512K, 41% used [0x00000000eba00000,0x00000000eba35200,0x00000000eba80000)
  to   space 512K, 0% used [0x00000000eb980000,0x00000000eb980000,0x00000000eba00000)
 ParOldGen       total 188416K, used 162962K [0x00000000c0000000, 0x00000000cb800000, 0x00000000eab00000)
  object space 188416K, 86% used [0x00000000c0000000,0x00000000c9f24828,0x00000000cb800000)
 Metaspace       used 95089K, committed 96512K, reserved 1179648K
  class space    used 9838K, committed 10432K, reserved 1048576K
GC Heap History (20 events):
Event: 7889.653 GC heap before
{Heap before GC invocations=1122 (full 31):
 PSYoungGen      total 14336K, used 14164K [0x00000000eab00000, 0x00000000eba80000, 0x0000000100000000)
  eden space 13824K, 100% used [0x00000000eab00000,0x00000000eb880000,0x00000000eb880000)
  from space 512K, 66% used [0x00000000eba00000,0x00000000eba55200,0x00000000eba80000)
  to   space 512K, 0% used [0x00000000eb980000,0x00000000eb980000,0x00000000eba00000)
 ParOldGen       total 188416K, used 161155K [0x00000000c0000000, 0x00000000cb800000, 0x00000000eab00000)
  object space 188416K, 85% used [0x00000000c0000000,0x00000000c9d60d80,0x00000000cb800000)
 Metaspace       used 94894K, committed 96320K, reserved 1179648K
  class space    used 9838K, committed 10432K, reserved 1048576K
}
Event: 7889.655 GC heap after
{Heap after GC invocations=1122 (full 31):
 PSYoungGen      total 14336K, used 372K [0x00000000eab00000, 0x00000000eba80000, 0x0000000100000000)
  eden space 13824K, 0% used [0x00000000eab00000,0x00000000eab00000,0x00000000eb880000)
  from space 512K, 72% used [0x00000000eb980000,0x00000000eb9dd200,0x00000000eba00000)
  to   space 512K, 0% used [0x00000000eba00000,0x00000000eba00000,0x00000000eba80000)
 ParOldGen       total 188416K, used 161220K [0x00000000c0000000, 0x00000000cb800000, 0x00000000eab00000)
  object space 188416K, 85% used [0x00000000c0000000,0x00000000c9d71050,0x00000000cb800000)
 Metaspace       used 94894K, committed 96320K, reserved 1179648K
  class space    used 9838K, committed 10432K, reserved 1048576K
}
Event: 7889.698 GC heap before
{Heap before GC invocations=1123 (full 31):
 PSYoungGen      total 14336K, used 14153K [0x00000000eab00000, 0x00000000eba80000, 0x0000000100000000)
  eden space 13824K, 99% used [0x00000000eab00000,0x00000000eb8755a8,0x00000000eb880000)
  from space 512K, 72% used [0x00000000eb980000,0x00000000eb9dd200,0x00000000eba00000)
  to   space 512K, 0% used [0x00000000eba00000,0x00000000eba00000,0x00000000eba80000)
 ParOldGen       total 188416K, used 161220K [0x00000000c0000000, 0x00000000cb800000, 0x00000000eab00000)
  object space 188416K, 85% used [0x00000000c0000000,0x00000000c9d71050,0x00000000cb800000)
 Metaspace       used 94904K, committed 96320K, reserved 1179648K
  class space    used 9838K, committed 10432K, reserved 1048576K
}
Event: 7889.699 GC heap after
{Heap after GC invocations=1123 (full 31):
 PSYoungGen      total 14336K, used 308K [0x00000000eab00000, 0x00000000eba80000, 0x0000000100000000)
  eden space 13824K, 0% used [0x00000000eab00000,0x00000000eab00000,0x00000000eb880000)
  from space 512K, 60% used [0x00000000eba00000,0x00000000eba4d200,0x00000000eba80000)
  to   space 512K, 0% used [0x00000000eb980000,0x00000000eb980000,0x00000000eba00000)
 ParOldGen       total 188416K, used 161306K [0x00000000c0000000, 0x00000000cb800000, 0x00000000eab00000)
  object space 188416K, 85% used [0x00000000c0000000,0x00000000c9d86918,0x00000000cb800000)
 Metaspace       used 94904K, committed 96320K, reserved 1179648K
  class space    used 9838K, committed 10432K, reserved 1048576K
}
Event: 7889.760 GC heap before
{Heap before GC invocations=1124 (full 31):
 PSYoungGen      total 14336K, used 14132K [0x00000000eab00000, 0x00000000eba80000, 0x0000000100000000)
  eden space 13824K, 100% used [0x00000000eab00000,0x00000000eb880000,0x00000000eb880000)
  from space 512K, 60% used [0x00000000eba00000,0x00000000eba4d200,0x00000000eba80000)
  to   space 512K, 0% used [0x00000000eb980000,0x00000000eb980000,0x00000000eba00000)
 ParOldGen       total 188416K, used 161306K [0x00000000c0000000, 0x00000000cb800000, 0x00000000eab00000)
  object space 188416K, 85% used [0x00000000c0000000,0x00000000c9d86918,0x00000000cb800000)
 Metaspace       used 94924K, committed 96320K, reserved 1179648K
  class space    used 9838K, committed 10432K, reserved 1048576K
}
Event: 7889.762 GC heap after
{Heap after GC invocations=1124 (full 31):
 PSYoungGen      total 14336K, used 505K [0x00000000eab00000, 0x00000000eba80000, 0x0000000100000000)
  eden space 13824K, 0% used [0x00000000eab00000,0x00000000eab00000,0x00000000eb880000)
  from space 512K, 98% used [0x00000000eb980000,0x00000000eb9fe788,0x00000000eba00000)
  to   space 512K, 0% used [0x00000000eba00000,0x00000000eba00000,0x00000000eba80000)
 ParOldGen       total 188416K, used 161386K [0x00000000c0000000, 0x00000000cb800000, 0x00000000eab00000)
  object space 188416K, 85% used [0x00000000c0000000,0x00000000c9d9a918,0x00000000cb800000)
 Metaspace       used 94924K, committed 96320K, reserved 1179648K
  class space    used 9838K, committed 10432K, reserved 1048576K
}
Event: 7889.804 GC heap before
{Heap before GC invocations=1125 (full 31):
 PSYoungGen      total 14336K, used 14287K [0x00000000eab00000, 0x00000000eba80000, 0x0000000100000000)
  eden space 13824K, 99% used [0x00000000eab00000,0x00000000eb875828,0x00000000eb880000)
  from space 512K, 98% used [0x00000000eb980000,0x00000000eb9fe788,0x00000000eba00000)
  to   space 512K, 0% used [0x00000000eba00000,0x00000000eba00000,0x00000000eba80000)
 ParOldGen       total 188416K, used 161386K [0x00000000c0000000, 0x00000000cb800000, 0x00000000eab00000)
  object space 188416K, 85% used [0x00000000c0000000,0x00000000c9d9a918,0x00000000cb800000)
 Metaspace       used 94932K, committed 96320K, reserved 1179648K
  class space    used 9838K, committed 10432K, reserved 1048576K
}
Event: 7889.805 GC heap after
{Heap after GC invocations=1125 (full 31):
 PSYoungGen      total 14336K, used 244K [0x00000000eab00000, 0x00000000eba80000, 0x0000000100000000)
  eden space 13824K, 0% used [0x00000000eab00000,0x00000000eab00000,0x00000000eb880000)
  from space 512K, 47% used [0x00000000eba00000,0x00000000eba3d200,0x00000000eba80000)
  to   space 512K, 0% used [0x00000000eb980000,0x00000000eb980000,0x00000000eba00000)
 ParOldGen       total 188416K, used 161547K [0x00000000c0000000, 0x00000000cb800000, 0x00000000eab00000)
  object space 188416K, 85% used [0x00000000c0000000,0x00000000c9dc2f20,0x00000000cb800000)
 Metaspace       used 94932K, committed 96320K, reserved 1179648K
  class space    used 9838K, committed 10432K, reserved 1048576K
}
Event: 7889.891 GC heap before
{Heap before GC invocations=1126 (full 31):
 PSYoungGen      total 14336K, used 13996K [0x00000000eab00000, 0x00000000eba80000, 0x0000000100000000)
  eden space 13824K, 99% used [0x00000000eab00000,0x00000000eb86e150,0x00000000eb880000)
  from space 512K, 47% used [0x00000000eba00000,0x00000000eba3d200,0x00000000eba80000)
  to   space 512K, 0% used [0x00000000eb980000,0x00000000eb980000,0x00000000eba00000)
 ParOldGen       total 188416K, used 161547K [0x00000000c0000000, 0x00000000cb800000, 0x00000000eab00000)
  object space 188416K, 85% used [0x00000000c0000000,0x00000000c9dc2f20,0x00000000cb800000)
 Metaspace       used 94983K, committed 96384K, reserved 1179648K
  class space    used 9838K, committed 10432K, reserved 1048576K
}
Event: 7889.892 GC heap after
{Heap after GC invocations=1126 (full 31):
 PSYoungGen      total 14336K, used 372K [0x00000000eab00000, 0x00000000eba80000, 0x0000000100000000)
  eden space 13824K, 0% used [0x00000000eab00000,0x00000000eab00000,0x00000000eb880000)
  from space 512K, 72% used [0x00000000eb980000,0x00000000eb9dd200,0x00000000eba00000)
  to   space 512K, 0% used [0x00000000eba00000,0x00000000eba00000,0x00000000eba80000)
 ParOldGen       total 188416K, used 161644K [0x00000000c0000000, 0x00000000cb800000, 0x00000000eab00000)
  object space 188416K, 85% used [0x00000000c0000000,0x00000000c9ddb148,0x00000000cb800000)
 Metaspace       used 94983K, committed 96384K, reserved 1179648K
  class space    used 9838K, committed 10432K, reserved 1048576K
}
Event: 7889.994 GC heap before
{Heap before GC invocations=1127 (full 31):
 PSYoungGen      total 14336K, used 14196K [0x00000000eab00000, 0x00000000eba80000, 0x0000000100000000)
  eden space 13824K, 100% used [0x00000000eab00000,0x00000000eb880000,0x00000000eb880000)
  from space 512K, 72% used [0x00000000eb980000,0x00000000eb9dd200,0x00000000eba00000)
  to   space 512K, 0% used [0x00000000eba00000,0x00000000eba00000,0x00000000eba80000)
 ParOldGen       total 188416K, used 161644K [0x00000000c0000000, 0x00000000cb800000, 0x00000000eab00000)
  object space 188416K, 85% used [0x00000000c0000000,0x00000000c9ddb148,0x00000000cb800000)
 Metaspace       used 95049K, committed 96448K, reserved 1179648K
  class space    used 9838K, committed 10432K, reserved 1048576K
}
Event: 7889.996 GC heap after
{Heap after GC invocations=1127 (full 31):
 PSYoungGen      total 14336K, used 436K [0x00000000eab00000, 0x00000000eba80000, 0x0000000100000000)
  eden space 13824K, 0% used [0x00000000eab00000,0x00000000eab00000,0x00000000eb880000)
  from space 512K, 85% used [0x00000000eba00000,0x00000000eba6d200,0x00000000eba80000)
  to   space 512K, 0% used [0x00000000eb980000,0x00000000eb980000,0x00000000eba00000)
 ParOldGen       total 188416K, used 161644K [0x00000000c0000000, 0x00000000cb800000, 0x00000000eab00000)
  object space 188416K, 85% used [0x00000000c0000000,0x00000000c9ddb148,0x00000000cb800000)
 Metaspace       used 95049K, committed 96448K, reserved 1179648K
  class space    used 9838K, committed 10432K, reserved 1048576K
}
Event: 7890.042 GC heap before
{Heap before GC invocations=1128 (full 31):
 PSYoungGen      total 14336K, used 14260K [0x00000000eab00000, 0x00000000eba80000, 0x0000000100000000)
  eden space 13824K, 100% used [0x00000000eab00000,0x00000000eb880000,0x00000000eb880000)
  from space 512K, 85% used [0x00000000eba00000,0x00000000eba6d200,0x00000000eba80000)
  to   space 512K, 0% used [0x00000000eb980000,0x00000000eb980000,0x00000000eba00000)
 ParOldGen       total 188416K, used 161644K [0x00000000c0000000, 0x00000000cb800000, 0x00000000eab00000)
  object space 188416K, 85% used [0x00000000c0000000,0x00000000c9ddb148,0x00000000cb800000)
 Metaspace       used 95050K, committed 96448K, reserved 1179648K
  class space    used 9838K, committed 10432K, reserved 1048576K
}
Event: 7890.043 GC heap after
{Heap after GC invocations=1128 (full 31):
 PSYoungGen      total 14336K, used 512K [0x00000000eab00000, 0x00000000eba80000, 0x0000000100000000)
  eden space 13824K, 0% used [0x00000000eab00000,0x00000000eab00000,0x00000000eb880000)
  from space 512K, 100% used [0x00000000eb980000,0x00000000eba00000,0x00000000eba00000)
  to   space 512K, 0% used [0x00000000eba00000,0x00000000eba00000,0x00000000eba80000)
 ParOldGen       total 188416K, used 161832K [0x00000000c0000000, 0x00000000cb800000, 0x00000000eab00000)
  object space 188416K, 85% used [0x00000000c0000000,0x00000000c9e0a348,0x00000000cb800000)
 Metaspace       used 95050K, committed 96448K, reserved 1179648K
  class space    used 9838K, committed 10432K, reserved 1048576K
}
Event: 7890.080 GC heap before
{Heap before GC invocations=1129 (full 31):
 PSYoungGen      total 14336K, used 14336K [0x00000000eab00000, 0x00000000eba80000, 0x0000000100000000)
  eden space 13824K, 100% used [0x00000000eab00000,0x00000000eb880000,0x00000000eb880000)
  from space 512K, 100% used [0x00000000eb980000,0x00000000eba00000,0x00000000eba00000)
  to   space 512K, 0% used [0x00000000eba00000,0x00000000eba00000,0x00000000eba80000)
 ParOldGen       total 188416K, used 161832K [0x00000000c0000000, 0x00000000cb800000, 0x00000000eab00000)
  object space 188416K, 85% used [0x00000000c0000000,0x00000000c9e0a348,0x00000000cb800000)
 Metaspace       used 95056K, committed 96448K, reserved 1179648K
  class space    used 9838K, committed 10432K, reserved 1048576K
}
Event: 7890.081 GC heap after
{Heap after GC invocations=1129 (full 31):
 PSYoungGen      total 14336K, used 500K [0x00000000eab00000, 0x00000000eba80000, 0x0000000100000000)
  eden space 13824K, 0% used [0x00000000eab00000,0x00000000eab00000,0x00000000eb880000)
  from space 512K, 97% used [0x00000000eba00000,0x00000000eba7d200,0x00000000eba80000)
  to   space 1024K, 0% used [0x00000000eb880000,0x00000000eb880000,0x00000000eb980000)
 ParOldGen       total 188416K, used 162226K [0x00000000c0000000, 0x00000000cb800000, 0x00000000eab00000)
  object space 188416K, 86% used [0x00000000c0000000,0x00000000c9e6cba0,0x00000000cb800000)
 Metaspace       used 95056K, committed 96448K, reserved 1179648K
  class space    used 9838K, committed 10432K, reserved 1048576K
}
Event: 7890.167 GC heap before
{Heap before GC invocations=1130 (full 31):
 PSYoungGen      total 14336K, used 14184K [0x00000000eab00000, 0x00000000eba80000, 0x0000000100000000)
  eden space 13824K, 98% used [0x00000000eab00000,0x00000000eb85cf98,0x00000000eb880000)
  from space 512K, 97% used [0x00000000eba00000,0x00000000eba7d200,0x00000000eba80000)
  to   space 1024K, 0% used [0x00000000eb880000,0x00000000eb880000,0x00000000eb980000)
 ParOldGen       total 188416K, used 162226K [0x00000000c0000000, 0x00000000cb800000, 0x00000000eab00000)
  object space 188416K, 86% used [0x00000000c0000000,0x00000000c9e6cba0,0x00000000cb800000)
 Metaspace       used 95078K, committed 96448K, reserved 1179648K
  class space    used 9838K, committed 10432K, reserved 1048576K
}
Event: 7890.172 GC heap after
{Heap after GC invocations=1130 (full 31):
 PSYoungGen      total 14848K, used 288K [0x00000000eab00000, 0x00000000eba80000, 0x0000000100000000)
  eden space 13824K, 0% used [0x00000000eab00000,0x00000000eab00000,0x00000000eb880000)
  from space 1024K, 28% used [0x00000000eb880000,0x00000000eb8c8000,0x00000000eb980000)
  to   space 512K, 0% used [0x00000000eba00000,0x00000000eba00000,0x00000000eba80000)
 ParOldGen       total 188416K, used 162724K [0x00000000c0000000, 0x00000000cb800000, 0x00000000eab00000)
  object space 188416K, 86% used [0x00000000c0000000,0x00000000c9ee92a0,0x00000000cb800000)
 Metaspace       used 95078K, committed 96448K, reserved 1179648K
  class space    used 9838K, committed 10432K, reserved 1048576K
}
Event: 7890.230 GC heap before
{Heap before GC invocations=1131 (full 31):
 PSYoungGen      total 14848K, used 14112K [0x00000000eab00000, 0x00000000eba80000, 0x0000000100000000)
  eden space 13824K, 100% used [0x00000000eab00000,0x00000000eb880000,0x00000000eb880000)
  from space 1024K, 28% used [0x00000000eb880000,0x00000000eb8c8000,0x00000000eb980000)
  to   space 512K, 0% used [0x00000000eba00000,0x00000000eba00000,0x00000000eba80000)
 ParOldGen       total 188416K, used 162724K [0x00000000c0000000, 0x00000000cb800000, 0x00000000eab00000)
  object space 188416K, 86% used [0x00000000c0000000,0x00000000c9ee92a0,0x00000000cb800000)
 Metaspace       used 95087K, committed 96512K, reserved 1179648K
  class space    used 9838K, committed 10432K, reserved 1048576K
}
Event: 7890.232 GC heap after
{Heap after GC invocations=1131 (full 31):
 PSYoungGen      total 14336K, used 212K [0x00000000eab00000, 0x00000000eba80000, 0x0000000100000000)
  eden space 13824K, 0% used [0x00000000eab00000,0x00000000eab00000,0x00000000eb880000)
  from space 512K, 41% used [0x00000000eba00000,0x00000000eba35200,0x00000000eba80000)
  to   space 512K, 0% used [0x00000000eb980000,0x00000000eb980000,0x00000000eba00000)
 ParOldGen       total 188416K, used 162962K [0x00000000c0000000, 0x00000000cb800000, 0x00000000eab00000)
  object space 188416K, 86% used [0x00000000c0000000,0x00000000c9f24828,0x00000000cb800000)
 Metaspace       used 95087K, committed 96512K, reserved 1179648K
  class space    used 9838K, committed 10432K, reserved 1048576K
}

